<?xml version="1.0" encoding="UTF-8"?>
<testsuite name="com.lightbend.akka.sample.AkkaQuickstartTest" tests="1" skipped="0" failures="0" errors="0" timestamp="2018-04-19T02:50:35" hostname="186590d474e5" time="0.07">
  <properties/>
  <testcase name="testGreeterActorSendingOfGreeting" classname="com.lightbend.akka.sample.AkkaQuickstartTest" time="0.07"/>
  <system-out><![CDATA[]]></system-out>
  <system-err><![CDATA[]]></system-err>
</testsuite>
