<?xml version="1.0" encoding="UTF-8"?>
<testsuite name="com.pq.akka.AkkaStartTest" tests="1" skipped="0" failures="0" errors="0" timestamp="2018-04-19T04:33:00" hostname="186590d474e5" time="0.017">
  <properties/>
  <testcase name="testAkkaDbSetRequestSuccessfully" classname="com.pq.akka.AkkaStartTest" time="0.017"/>
  <system-out><![CDATA[[INFO] [04/18/2018 23:33:00.953] [Test worker] [akka://default/user/$$a] Received request: key - testKey, value - testValue
]]></system-out>
  <system-err><![CDATA[]]></system-err>
</testsuite>
